<?xml version="1.0" encoding="UTF-8"?>
<!-- Generated by org.testng.reporters.JUnitReportReporter -->
<testsuite skipped="0" hostname="LAPTOP-0H9ENQD4" name="com.orangehrmlive.DataProviderTest" tests="2" failures="0" timestamp="03 Nov 2020 04:57:08 GMT" time="35.299" errors="0">
  <testcase name="f" time="14.081" classname="com.orangehrmlive.DataProviderTest"/>
  <testcase name="f" time="21.218" classname="com.orangehrmlive.DataProviderTest"/>
</testsuite> <!-- com.orangehrmlive.DataProviderTest -->
