<?xml version="1.0" encoding="UTF-8"?>
<!-- Generated by org.testng.reporters.JUnitReportReporter -->
<testsuite skipped="0" hostname="LAPTOP-0H9ENQD4" name="com.orangehrmlive.TestNGDemo" tests="2" failures="0" timestamp="03 Nov 2020 14:47:59 GMT" time="16.751" errors="0">
  <testcase name="adminTest" time="10.443" classname="com.orangehrmlive.TestNGDemo"/>
  <testcase name="leaveTest" time="6.308" classname="com.orangehrmlive.TestNGDemo"/>
</testsuite> <!-- com.orangehrmlive.TestNGDemo -->
