<?xml version="1.0" encoding="UTF-8"?>
<!-- Generated by org.testng.reporters.JUnitReportReporter -->
<testsuite skipped="0" hostname="LAPTOP-0H9ENQD4" name="com.orangehrmlive.GroupTest" tests="4" failures="0" timestamp="03 Nov 2020 11:30:35 GMT" time="0.011" errors="0">
  <testcase name="leavemodule1" time="0.001" classname="com.orangehrmlive.GroupTest"/>
  <testcase name="adminmodule1" time="0.007" classname="com.orangehrmlive.GroupTest"/>
  <testcase name="leavemodule2" time="0.001" classname="com.orangehrmlive.GroupTest"/>
  <testcase name="adminmodule2" time="0.002" classname="com.orangehrmlive.GroupTest"/>
</testsuite> <!-- com.orangehrmlive.GroupTest -->
