<?xml version="1.0" encoding="UTF-8"?>
<!-- Generated by org.testng.reporters.JUnitReportReporter -->
<testsuite skipped="0" hostname="LAPTOP-0H9ENQD4" name="com.orangehrmlive.Demo" tests="1" failures="0" timestamp="02 Nov 2020 13:10:27 GMT" time="0.011" errors="0">
  <testcase name="test" time="0.011" classname="com.orangehrmlive.Demo"/>
</testsuite> <!-- com.orangehrmlive.Demo -->
