<?xml version="1.0" encoding="UTF-8"?>
<!-- Generated by org.testng.reporters.JUnitReportReporter -->
<testsuite skipped="0" hostname="LAPTOP-0H9ENQD4" name="com.orangehrmlive.TestNGDemo" tests="2" failures="0" timestamp="03 Nov 2020 14:50:09 GMT" time="20.801" errors="0">
  <testcase name="leaveTest" time="15.521" classname="com.orangehrmlive.TestNGDemo"/>
  <testcase name="adminTest" time="5.280" classname="com.orangehrmlive.TestNGDemo"/>
</testsuite> <!-- com.orangehrmlive.TestNGDemo -->
