<?xml version="1.0" encoding="UTF-8"?>
<!-- Generated by org.testng.reporters.JUnitReportReporter -->
<testsuite skipped="0" hostname="LAPTOP-0H9ENQD4" name="com.orangehrmlive.DataProviderTest" tests="2" failures="0" timestamp="03 Nov 2020 14:50:09 GMT" time="30.658" errors="0">
  <testcase name="f" time="14.222" classname="com.orangehrmlive.DataProviderTest"/>
  <testcase name="f" time="16.436" classname="com.orangehrmlive.DataProviderTest"/>
</testsuite> <!-- com.orangehrmlive.DataProviderTest -->
